2020-06-09 16:59:51,270 [Worker-14] INFO  o.e.m.c.i.l.LifecycleMappingFactory - Using org.maven.ide.eclipse.wtp.WarLifecycleMapping lifecycle mapping for MavenProject: com.app:DailyExpenses:0.0.1-SNAPSHOT @ /home/utsav/study/DailyExpenses-master/DailyExpenses/pom.xml.
2020-06-09 16:59:55,004 [Worker-14] WARN  o.e.m.c.i.embedder.EclipseLogger - Using platform encoding (UTF-8 actually) to copy filtered resources, i.e. build is platform dependent!
2020-06-09 16:59:55,008 [Worker-14] INFO  o.e.m.c.i.embedder.EclipseLogger - skip non existing resourceDirectory /home/utsav/study/DailyExpenses-master/DailyExpenses/src/main/resources
2020-06-09 16:59:55,011 [Worker-14] WARN  o.e.m.c.i.embedder.EclipseLogger - Using platform encoding (UTF-8 actually) to copy filtered resources, i.e. build is platform dependent!
2020-06-09 16:59:55,011 [Worker-14] INFO  o.e.m.c.i.embedder.EclipseLogger - skip non existing resourceDirectory /home/utsav/study/DailyExpenses-master/DailyExpenses/src/test/resources
2020-06-09 16:59:55,923 [Worker-0] INFO  o.e.m.c.i.l.LifecycleMappingFactory - Using org.maven.ide.eclipse.wtp.WarLifecycleMapping lifecycle mapping for MavenProject: com.app:DailyExpenses:0.0.1-SNAPSHOT @ /home/utsav/study/DailyExpenses-master/DailyExpenses/pom.xml.
2020-06-09 16:59:57,338 [Worker-8] WARN  o.e.m.c.i.embedder.EclipseLogger - Using platform encoding (UTF-8 actually) to copy filtered resources, i.e. build is platform dependent!
2020-06-09 16:59:57,341 [Worker-8] INFO  o.e.m.c.i.embedder.EclipseLogger - skip non existing resourceDirectory /home/utsav/study/DailyExpenses-master/DailyExpenses/src/main/resources
2020-06-09 16:59:57,358 [Worker-8] WARN  o.e.m.c.i.embedder.EclipseLogger - Using platform encoding (UTF-8 actually) to copy filtered resources, i.e. build is platform dependent!
2020-06-09 16:59:57,358 [Worker-8] INFO  o.e.m.c.i.embedder.EclipseLogger - skip non existing resourceDirectory /home/utsav/study/DailyExpenses-master/DailyExpenses/src/test/resources
2020-06-09 17:00:21,948 [main] INFO  o.e.m2e.actions.ExecutePomAction - Creating new launch configuration
2020-06-09 17:00:32,798 [Worker-6] INFO  o.e.m.i.launch.MavenLaunchDelegate - /home/utsav/study/DailyExpenses-master/DailyExpenses
2020-06-09 17:00:32,799 [Worker-6] INFO  o.e.m.i.launch.MavenLaunchDelegate -  mvn -B install
2020-06-09 17:00:42,074 [Worker-14] WARN  o.e.m.c.i.embedder.EclipseLogger - Using platform encoding (UTF-8 actually) to copy filtered resources, i.e. build is platform dependent!
2020-06-09 17:00:42,074 [Worker-14] INFO  o.e.m.c.i.embedder.EclipseLogger - skip non existing resourceDirectory /home/utsav/study/DailyExpenses-master/DailyExpenses/src/main/resources
2020-06-09 17:00:42,080 [Worker-14] WARN  o.e.m.c.i.embedder.EclipseLogger - Using platform encoding (UTF-8 actually) to copy filtered resources, i.e. build is platform dependent!
2020-06-09 17:00:42,080 [Worker-14] INFO  o.e.m.c.i.embedder.EclipseLogger - skip non existing resourceDirectory /home/utsav/study/DailyExpenses-master/DailyExpenses/src/test/resources
2020-06-09 17:02:53,594 [Worker-13] INFO  o.e.m.i.launch.MavenLaunchDelegate - /home/utsav/study/DailyExpenses-master/DailyExpenses
2020-06-09 17:02:53,594 [Worker-13] INFO  o.e.m.i.launch.MavenLaunchDelegate -  mvn -B clean
2020-06-09 17:02:56,159 [Worker-5] WARN  o.e.m.c.i.embedder.EclipseLogger - Using platform encoding (UTF-8 actually) to copy filtered resources, i.e. build is platform dependent!
2020-06-09 17:02:56,159 [Worker-5] INFO  o.e.m.c.i.embedder.EclipseLogger - skip non existing resourceDirectory /home/utsav/study/DailyExpenses-master/DailyExpenses/src/main/resources
2020-06-09 17:02:56,161 [Worker-5] WARN  o.e.m.c.i.embedder.EclipseLogger - Using platform encoding (UTF-8 actually) to copy filtered resources, i.e. build is platform dependent!
2020-06-09 17:02:56,174 [Worker-5] INFO  o.e.m.c.i.embedder.EclipseLogger - skip non existing resourceDirectory /home/utsav/study/DailyExpenses-master/DailyExpenses/src/test/resources
2020-06-09 17:02:56,175 [Worker-5] INFO  o.e.m.w.i.f.ResourceFilteringBuildParticipant - Changed resources require a complete clean of filtered resources of DailyExpenses
2020-06-09 17:02:56,177 [Worker-5] INFO  o.e.m.w.i.f.ResourceFilteringBuildParticipant - Executing resource filtering for DailyExpenses
2020-06-09 17:02:56,202 [Worker-5] WARN  o.e.m.c.i.embedder.EclipseLogger - Using platform encoding (UTF-8 actually) to copy filtered resources, i.e. build is platform dependent!
2020-06-09 17:04:00,949 [Worker-7] INFO  o.e.m.c.i.p.ProjectConfigurationManager - Update started
2020-06-09 17:04:01,557 [Worker-7] INFO  o.e.m.c.i.l.LifecycleMappingFactory - Using org.maven.ide.eclipse.wtp.WarLifecycleMapping lifecycle mapping for MavenProject: com.app:DailyExpenses:0.0.1-SNAPSHOT @ /home/utsav/study/DailyExpenses-master/DailyExpenses/pom.xml.
2020-06-09 17:04:02,273 [Worker-7] INFO  o.e.m.j.i.AbstractJavaProjectConfigurator - Adding source folder /DailyExpenses/src/main/java
2020-06-09 17:04:02,273 [Worker-7] INFO  o.e.m.j.i.AbstractJavaProjectConfigurator - Adding source folder /DailyExpenses/src/test/java
2020-06-09 17:04:02,914 [Worker-7] INFO  o.e.m.w.i.f.ResourceFilteringBuildParticipant - Cleaning filtered folder for DailyExpenses
2020-06-09 17:04:02,929 [Worker-7] INFO  o.e.m.c.i.p.ProjectConfigurationManager - Update completed: 1 sec
2020-06-09 17:04:03,382 [Worker-14] WARN  o.e.m.c.i.embedder.EclipseLogger - Using platform encoding (UTF-8 actually) to copy filtered resources, i.e. build is platform dependent!
2020-06-09 17:04:03,386 [Worker-14] INFO  o.e.m.c.i.embedder.EclipseLogger - skip non existing resourceDirectory /home/utsav/study/DailyExpenses-master/DailyExpenses/src/main/resources
2020-06-09 17:04:03,390 [Worker-14] WARN  o.e.m.c.i.embedder.EclipseLogger - Using platform encoding (UTF-8 actually) to copy filtered resources, i.e. build is platform dependent!
2020-06-09 17:04:03,391 [Worker-14] INFO  o.e.m.c.i.embedder.EclipseLogger - skip non existing resourceDirectory /home/utsav/study/DailyExpenses-master/DailyExpenses/src/test/resources
2020-06-09 17:04:03,391 [Worker-14] INFO  o.e.m.w.i.f.ResourceFilteringBuildParticipant - Changed resources require a complete clean of filtered resources of DailyExpenses
2020-06-09 17:04:03,391 [Worker-14] INFO  o.e.m.w.i.f.ResourceFilteringBuildParticipant - Executing resource filtering for DailyExpenses
2020-06-09 17:04:03,409 [Worker-14] WARN  o.e.m.c.i.embedder.EclipseLogger - Using platform encoding (UTF-8 actually) to copy filtered resources, i.e. build is platform dependent!
2020-06-09 17:04:43,654 [Worker-8] INFO  o.e.m.i.launch.MavenLaunchDelegate - /home/utsav/study/DailyExpenses-master/DailyExpenses
2020-06-09 17:04:43,654 [Worker-8] INFO  o.e.m.i.launch.MavenLaunchDelegate -  mvn -B install
2020-06-09 17:04:51,521 [Worker-3] WARN  o.e.m.c.i.embedder.EclipseLogger - Using platform encoding (UTF-8 actually) to copy filtered resources, i.e. build is platform dependent!
2020-06-09 17:04:51,522 [Worker-3] INFO  o.e.m.c.i.embedder.EclipseLogger - skip non existing resourceDirectory /home/utsav/study/DailyExpenses-master/DailyExpenses/src/main/resources
2020-06-09 17:04:51,524 [Worker-3] WARN  o.e.m.c.i.embedder.EclipseLogger - Using platform encoding (UTF-8 actually) to copy filtered resources, i.e. build is platform dependent!
2020-06-09 17:04:51,526 [Worker-3] INFO  o.e.m.c.i.embedder.EclipseLogger - skip non existing resourceDirectory /home/utsav/study/DailyExpenses-master/DailyExpenses/src/test/resources
2020-06-09 17:04:59,391 [Worker-10] INFO  o.e.m.c.i.p.ProjectConfigurationManager - Update started
2020-06-09 17:04:59,843 [Worker-10] INFO  o.e.m.c.i.l.LifecycleMappingFactory - Using org.maven.ide.eclipse.wtp.WarLifecycleMapping lifecycle mapping for MavenProject: com.app:DailyExpenses:0.0.1-SNAPSHOT @ /home/utsav/study/DailyExpenses-master/DailyExpenses/pom.xml.
2020-06-09 17:05:00,542 [Worker-10] INFO  o.e.m.j.i.AbstractJavaProjectConfigurator - Adding source folder /DailyExpenses/src/main/java
2020-06-09 17:05:00,542 [Worker-10] INFO  o.e.m.j.i.AbstractJavaProjectConfigurator - Adding source folder /DailyExpenses/src/test/java
2020-06-09 17:05:00,911 [Worker-10] INFO  o.e.m.w.i.f.ResourceFilteringBuildParticipant - Cleaning filtered folder for DailyExpenses
2020-06-09 17:05:00,918 [Worker-10] INFO  o.e.m.c.i.p.ProjectConfigurationManager - Update completed: 1 sec
2020-06-09 17:05:01,278 [Worker-13] WARN  o.e.m.c.i.embedder.EclipseLogger - Using platform encoding (UTF-8 actually) to copy filtered resources, i.e. build is platform dependent!
2020-06-09 17:05:01,281 [Worker-13] INFO  o.e.m.c.i.embedder.EclipseLogger - skip non existing resourceDirectory /home/utsav/study/DailyExpenses-master/DailyExpenses/src/main/resources
2020-06-09 17:05:01,286 [Worker-13] WARN  o.e.m.c.i.embedder.EclipseLogger - Using platform encoding (UTF-8 actually) to copy filtered resources, i.e. build is platform dependent!
2020-06-09 17:05:01,287 [Worker-13] INFO  o.e.m.c.i.embedder.EclipseLogger - skip non existing resourceDirectory /home/utsav/study/DailyExpenses-master/DailyExpenses/src/test/resources
2020-06-09 17:05:01,288 [Worker-13] INFO  o.e.m.w.i.f.ResourceFilteringBuildParticipant - Changed resources require a complete clean of filtered resources of DailyExpenses
2020-06-09 17:05:01,293 [Worker-13] INFO  o.e.m.w.i.f.ResourceFilteringBuildParticipant - Executing resource filtering for DailyExpenses
2020-06-09 17:05:01,300 [Worker-13] WARN  o.e.m.c.i.embedder.EclipseLogger - Using platform encoding (UTF-8 actually) to copy filtered resources, i.e. build is platform dependent!
2020-06-09 17:08:44,760 [Worker-3] WARN  o.e.m.c.i.embedder.EclipseLogger - Using platform encoding (UTF-8 actually) to copy filtered resources, i.e. build is platform dependent!
2020-06-09 17:08:44,761 [Worker-3] INFO  o.e.m.c.i.embedder.EclipseLogger - skip non existing resourceDirectory /home/utsav/study/DailyExpenses-master/DailyExpenses/src/main/resources
2020-06-09 17:08:44,762 [Worker-3] WARN  o.e.m.c.i.embedder.EclipseLogger - Using platform encoding (UTF-8 actually) to copy filtered resources, i.e. build is platform dependent!
2020-06-09 17:08:44,763 [Worker-3] INFO  o.e.m.c.i.embedder.EclipseLogger - skip non existing resourceDirectory /home/utsav/study/DailyExpenses-master/DailyExpenses/src/test/resources
2020-06-09 17:09:03,341 [Worker-6] INFO  o.e.m.c.i.p.ProjectConfigurationManager - Update started
2020-06-09 17:09:03,812 [Worker-6] INFO  o.e.m.c.i.l.LifecycleMappingFactory - Using org.maven.ide.eclipse.wtp.WarLifecycleMapping lifecycle mapping for MavenProject: com.app:DailyExpenses:0.0.1-SNAPSHOT @ /home/utsav/study/DailyExpenses-master/DailyExpenses/pom.xml.
2020-06-09 17:09:04,982 [Worker-6] INFO  o.e.m.j.i.AbstractJavaProjectConfigurator - Adding source folder /DailyExpenses/src/main/java
2020-06-09 17:09:04,983 [Worker-6] INFO  o.e.m.j.i.AbstractJavaProjectConfigurator - Adding source folder /DailyExpenses/src/test/java
2020-06-09 17:09:05,654 [Worker-6] INFO  o.e.m.w.i.f.ResourceFilteringBuildParticipant - Cleaning filtered folder for DailyExpenses
2020-06-09 17:09:05,658 [Worker-6] INFO  o.e.m.c.i.p.ProjectConfigurationManager - Update completed: 2 sec
2020-06-09 17:09:06,251 [Worker-2] WARN  o.e.m.c.i.embedder.EclipseLogger - Using platform encoding (UTF-8 actually) to copy filtered resources, i.e. build is platform dependent!
2020-06-09 17:09:06,252 [Worker-2] INFO  o.e.m.c.i.embedder.EclipseLogger - skip non existing resourceDirectory /home/utsav/study/DailyExpenses-master/DailyExpenses/src/main/resources
2020-06-09 17:09:06,254 [Worker-2] WARN  o.e.m.c.i.embedder.EclipseLogger - Using platform encoding (UTF-8 actually) to copy filtered resources, i.e. build is platform dependent!
2020-06-09 17:09:06,255 [Worker-2] INFO  o.e.m.c.i.embedder.EclipseLogger - skip non existing resourceDirectory /home/utsav/study/DailyExpenses-master/DailyExpenses/src/test/resources
2020-06-09 17:09:06,255 [Worker-2] INFO  o.e.m.w.i.f.ResourceFilteringBuildParticipant - Changed resources require a complete clean of filtered resources of DailyExpenses
2020-06-09 17:09:06,255 [Worker-2] INFO  o.e.m.w.i.f.ResourceFilteringBuildParticipant - Executing resource filtering for DailyExpenses
2020-06-09 17:09:06,266 [Worker-2] WARN  o.e.m.c.i.embedder.EclipseLogger - Using platform encoding (UTF-8 actually) to copy filtered resources, i.e. build is platform dependent!
2020-06-09 17:12:50,690 [Worker-19] WARN  o.e.m.c.i.embedder.EclipseLogger - Using platform encoding (UTF-8 actually) to copy filtered resources, i.e. build is platform dependent!
2020-06-09 17:12:50,691 [Worker-19] INFO  o.e.m.c.i.embedder.EclipseLogger - skip non existing resourceDirectory /home/utsav/study/DailyExpenses-master/DailyExpenses/src/main/resources
2020-06-09 17:12:50,697 [Worker-19] WARN  o.e.m.c.i.embedder.EclipseLogger - Using platform encoding (UTF-8 actually) to copy filtered resources, i.e. build is platform dependent!
2020-06-09 17:12:50,698 [Worker-19] INFO  o.e.m.c.i.embedder.EclipseLogger - skip non existing resourceDirectory /home/utsav/study/DailyExpenses-master/DailyExpenses/src/test/resources
2020-06-09 17:12:57,172 [Worker-13] WARN  o.e.m.c.i.embedder.EclipseLogger - Using platform encoding (UTF-8 actually) to copy filtered resources, i.e. build is platform dependent!
2020-06-09 17:12:57,173 [Worker-13] INFO  o.e.m.c.i.embedder.EclipseLogger - skip non existing resourceDirectory /home/utsav/study/DailyExpenses-master/DailyExpenses/src/main/resources
2020-06-09 17:12:57,182 [Worker-13] WARN  o.e.m.c.i.embedder.EclipseLogger - Using platform encoding (UTF-8 actually) to copy filtered resources, i.e. build is platform dependent!
2020-06-09 17:12:57,183 [Worker-13] INFO  o.e.m.c.i.embedder.EclipseLogger - skip non existing resourceDirectory /home/utsav/study/DailyExpenses-master/DailyExpenses/src/test/resources
2020-06-09 17:14:09,320 [Worker-13] WARN  o.e.m.c.i.embedder.EclipseLogger - Using platform encoding (UTF-8 actually) to copy filtered resources, i.e. build is platform dependent!
2020-06-09 17:14:09,320 [Worker-13] INFO  o.e.m.c.i.embedder.EclipseLogger - skip non existing resourceDirectory /home/utsav/study/DailyExpenses-master/DailyExpenses/src/main/resources
2020-06-09 17:14:09,322 [Worker-13] WARN  o.e.m.c.i.embedder.EclipseLogger - Using platform encoding (UTF-8 actually) to copy filtered resources, i.e. build is platform dependent!
2020-06-09 17:14:09,322 [Worker-13] INFO  o.e.m.c.i.embedder.EclipseLogger - skip non existing resourceDirectory /home/utsav/study/DailyExpenses-master/DailyExpenses/src/test/resources
2020-06-10 09:51:10,306 [Worker-34] INFO  o.e.m.c.i.p.ProjectConfigurationManager - Update started
2020-06-10 09:51:11,668 [Worker-34] INFO  o.e.m.c.i.l.LifecycleMappingFactory - Using org.maven.ide.eclipse.wtp.WarLifecycleMapping lifecycle mapping for MavenProject: com.app:DailyExpenses:0.0.1-SNAPSHOT @ /home/utsav/study/DailyExpenses-master/DailyExpenses/pom.xml.
2020-06-10 09:51:13,106 [Worker-34] INFO  o.e.m.j.i.AbstractJavaProjectConfigurator - Adding source folder /DailyExpenses/src/main/java
2020-06-10 09:51:13,107 [Worker-34] INFO  o.e.m.j.i.AbstractJavaProjectConfigurator - Adding source folder /DailyExpenses/src/test/java
2020-06-10 09:51:14,734 [Worker-34] INFO  o.e.m.w.i.f.ResourceFilteringBuildParticipant - Cleaning filtered folder for DailyExpenses
2020-06-10 09:51:14,762 [Worker-34] INFO  o.e.m.c.i.p.ProjectConfigurationManager - Update completed: 4 sec
2020-06-10 09:52:06,382 [Worker-35] INFO  o.e.m.i.launch.MavenLaunchDelegate - /home/utsav/study/DailyExpenses-master/DailyExpenses
2020-06-10 09:52:06,384 [Worker-35] INFO  o.e.m.i.launch.MavenLaunchDelegate -  mvn -B install
2020-06-10 09:56:11,145 [Worker-35] INFO  o.e.m.c.i.p.ProjectConfigurationManager - Update started
2020-06-10 09:56:11,511 [Worker-35] INFO  o.e.m.c.i.l.LifecycleMappingFactory - Using org.maven.ide.eclipse.wtp.WarLifecycleMapping lifecycle mapping for MavenProject: com.app:DailyExpenses:0.0.1-SNAPSHOT @ /home/utsav/study/DailyExpenses-master/DailyExpenses/pom.xml.
2020-06-10 09:56:11,998 [Worker-35] INFO  o.e.m.j.i.AbstractJavaProjectConfigurator - Adding source folder /DailyExpenses/src/main/java
2020-06-10 09:56:11,998 [Worker-35] INFO  o.e.m.j.i.AbstractJavaProjectConfigurator - Adding source folder /DailyExpenses/src/test/java
2020-06-10 09:56:12,868 [Worker-35] INFO  o.e.m.w.i.f.ResourceFilteringBuildParticipant - Cleaning filtered folder for DailyExpenses
2020-06-10 09:56:12,874 [Worker-35] INFO  o.e.m.c.i.p.ProjectConfigurationManager - Update completed: 1 sec
2020-06-10 09:57:45,126 [Worker-27] WARN  o.e.m.c.i.embedder.EclipseLogger - Using platform encoding (UTF-8 actually) to copy filtered resources, i.e. build is platform dependent!
2020-06-10 09:57:45,127 [Worker-27] INFO  o.e.m.c.i.embedder.EclipseLogger - skip non existing resourceDirectory /home/utsav/study/DailyExpenses-master/DailyExpenses/src/main/resources
2020-06-10 09:57:45,131 [Worker-27] WARN  o.e.m.c.i.embedder.EclipseLogger - Using platform encoding (UTF-8 actually) to copy filtered resources, i.e. build is platform dependent!
2020-06-10 09:57:45,132 [Worker-27] INFO  o.e.m.c.i.embedder.EclipseLogger - skip non existing resourceDirectory /home/utsav/study/DailyExpenses-master/DailyExpenses/src/test/resources
2020-06-10 09:57:45,133 [Worker-27] INFO  o.e.m.w.i.f.ResourceFilteringBuildParticipant - Changed resources require a complete clean of filtered resources of DailyExpenses
2020-06-10 09:57:45,135 [Worker-27] INFO  o.e.m.w.i.f.ResourceFilteringBuildParticipant - Executing resource filtering for DailyExpenses
2020-06-10 09:57:45,143 [Worker-27] WARN  o.e.m.c.i.embedder.EclipseLogger - Using platform encoding (UTF-8 actually) to copy filtered resources, i.e. build is platform dependent!
2020-06-10 09:57:58,197 [Worker-36] INFO  o.e.m.c.i.p.ProjectConfigurationManager - Update started
2020-06-10 09:57:58,523 [Worker-36] INFO  o.e.m.c.i.l.LifecycleMappingFactory - Using org.maven.ide.eclipse.wtp.WarLifecycleMapping lifecycle mapping for MavenProject: com.app:DailyExpenses:0.0.1-SNAPSHOT @ /home/utsav/study/DailyExpenses-master/DailyExpenses/pom.xml.
2020-06-10 09:57:58,957 [Worker-36] INFO  o.e.m.j.i.AbstractJavaProjectConfigurator - Adding source folder /DailyExpenses/src/main/java
2020-06-10 09:57:58,958 [Worker-36] INFO  o.e.m.j.i.AbstractJavaProjectConfigurator - Adding source folder /DailyExpenses/src/test/java
2020-06-10 09:57:59,337 [Worker-36] INFO  o.e.m.w.i.f.ResourceFilteringBuildParticipant - Cleaning filtered folder for DailyExpenses
2020-06-10 09:57:59,340 [Worker-36] INFO  o.e.m.c.i.p.ProjectConfigurationManager - Update completed: 1 sec
2020-06-10 10:01:28,789 [Worker-43] INFO  o.e.m.c.i.l.LifecycleMappingFactory - Using org.maven.ide.eclipse.wtp.WarLifecycleMapping lifecycle mapping for MavenProject: com.app:DailyExpenses:0.0.1-SNAPSHOT @ /home/utsav/study/DailyExpenses-master/DailyExpenses/pom.xml.
2020-06-10 10:01:31,265 [Worker-43] INFO  o.e.m.c.i.e.AbstractTransferListenerAdapter - Downloading https://repo.maven.apache.org/maven2/org/hibernate/validator/hibernate-validator/6.1.2.Final/hibernate-validator-6.1.2.Final.pom
2020-06-10 10:01:31,882 [Worker-43] INFO  o.e.m.c.i.e.AbstractTransferListenerAdapter - Downloaded https://repo.maven.apache.org/maven2/org/hibernate/validator/hibernate-validator/6.1.2.Final/hibernate-validator-6.1.2.Final.pom
2020-06-10 10:01:32,201 [Worker-43] INFO  o.e.m.c.i.e.AbstractTransferListenerAdapter - Downloading https://repo.maven.apache.org/maven2/org/hibernate/validator/hibernate-validator-parent/6.1.2.Final/hibernate-validator-parent-6.1.2.Final.pom
2020-06-10 10:01:32,844 [Worker-43] INFO  o.e.m.c.i.e.AbstractTransferListenerAdapter - Downloaded https://repo.maven.apache.org/maven2/org/hibernate/validator/hibernate-validator-parent/6.1.2.Final/hibernate-validator-parent-6.1.2.Final.pom
2020-06-10 10:01:33,163 [Worker-43] INFO  o.e.m.c.i.e.AbstractTransferListenerAdapter - Downloading https://repo.maven.apache.org/maven2/org/jboss/arquillian/arquillian-bom/1.1.11.Final/arquillian-bom-1.1.11.Final.pom
2020-06-10 10:01:33,486 [Worker-43] INFO  o.e.m.c.i.e.AbstractTransferListenerAdapter - Downloaded https://repo.maven.apache.org/maven2/org/jboss/arquillian/arquillian-bom/1.1.11.Final/arquillian-bom-1.1.11.Final.pom
2020-06-10 10:01:33,800 [Worker-43] INFO  o.e.m.c.i.e.AbstractTransferListenerAdapter - Downloading https://repo.maven.apache.org/maven2/org/jboss/shrinkwrap/shrinkwrap-bom/1.2.3/shrinkwrap-bom-1.2.3.pom
2020-06-10 10:01:34,150 [Worker-43] INFO  o.e.m.c.i.e.AbstractTransferListenerAdapter - Downloaded https://repo.maven.apache.org/maven2/org/jboss/shrinkwrap/shrinkwrap-bom/1.2.3/shrinkwrap-bom-1.2.3.pom
2020-06-10 10:01:34,438 [Worker-43] INFO  o.e.m.c.i.e.AbstractTransferListenerAdapter - Downloading https://repo.maven.apache.org/maven2/org/jboss/shrinkwrap/resolver/shrinkwrap-resolver-bom/2.2.0/shrinkwrap-resolver-bom-2.2.0.pom
2020-06-10 10:01:34,763 [Worker-43] INFO  o.e.m.c.i.e.AbstractTransferListenerAdapter - Downloaded https://repo.maven.apache.org/maven2/org/jboss/shrinkwrap/resolver/shrinkwrap-resolver-bom/2.2.0/shrinkwrap-resolver-bom-2.2.0.pom
2020-06-10 10:01:35,093 [Worker-43] INFO  o.e.m.c.i.e.AbstractTransferListenerAdapter - Downloading https://repo.maven.apache.org/maven2/org/jboss/shrinkwrap/descriptors/shrinkwrap-descriptors-bom/2.0.0-alpha-8/shrinkwrap-descriptors-bom-2.0.0-alpha-8.pom
2020-06-10 10:01:35,405 [Worker-43] INFO  o.e.m.c.i.e.AbstractTransferListenerAdapter - Downloaded https://repo.maven.apache.org/maven2/org/jboss/shrinkwrap/descriptors/shrinkwrap-descriptors-bom/2.0.0-alpha-8/shrinkwrap-descriptors-bom-2.0.0-alpha-8.pom
2020-06-10 10:01:35,722 [Worker-43] INFO  o.e.m.c.i.e.AbstractTransferListenerAdapter - Downloading https://repo.maven.apache.org/maven2/jakarta/validation/jakarta.validation-api/2.0.2/jakarta.validation-api-2.0.2.pom
2020-06-10 10:01:36,045 [Worker-43] INFO  o.e.m.c.i.e.AbstractTransferListenerAdapter - Downloaded https://repo.maven.apache.org/maven2/jakarta/validation/jakarta.validation-api/2.0.2/jakarta.validation-api-2.0.2.pom
2020-06-10 10:01:37,325 [Worker-43] INFO  o.e.m.c.i.e.AbstractTransferListenerAdapter - Downloading https://repo.maven.apache.org/maven2/org/hibernate/validator/hibernate-validator/6.1.2.Final/hibernate-validator-6.1.2.Final.jar
2020-06-10 10:01:41,169 [Worker-43] INFO  o.e.m.c.i.e.AbstractTransferListenerAdapter - Downloaded https://repo.maven.apache.org/maven2/org/hibernate/validator/hibernate-validator/6.1.2.Final/hibernate-validator-6.1.2.Final.jar
2020-06-10 10:01:41,507 [Worker-43] INFO  o.e.m.c.i.e.AbstractTransferListenerAdapter - Downloading https://repo.maven.apache.org/maven2/jakarta/validation/jakarta.validation-api/2.0.2/jakarta.validation-api-2.0.2.jar
2020-06-10 10:01:43,152 [Worker-43] INFO  o.e.m.c.i.e.AbstractTransferListenerAdapter - Downloaded https://repo.maven.apache.org/maven2/jakarta/validation/jakarta.validation-api/2.0.2/jakarta.validation-api-2.0.2.jar
2020-06-10 10:01:47,276 [Worker-43] WARN  o.e.m.c.i.embedder.EclipseLogger - Using platform encoding (UTF-8 actually) to copy filtered resources, i.e. build is platform dependent!
2020-06-10 10:01:47,277 [Worker-43] INFO  o.e.m.c.i.embedder.EclipseLogger - skip non existing resourceDirectory /home/utsav/study/DailyExpenses-master/DailyExpenses/src/main/resources
2020-06-10 10:01:47,279 [Worker-43] WARN  o.e.m.c.i.embedder.EclipseLogger - Using platform encoding (UTF-8 actually) to copy filtered resources, i.e. build is platform dependent!
2020-06-10 10:01:47,279 [Worker-43] INFO  o.e.m.c.i.embedder.EclipseLogger - skip non existing resourceDirectory /home/utsav/study/DailyExpenses-master/DailyExpenses/src/test/resources
2020-06-10 10:03:59,462 [Worker-44] INFO  o.e.m.c.i.p.ProjectConfigurationManager - Update started
2020-06-10 10:03:59,758 [Worker-44] INFO  o.e.m.c.i.l.LifecycleMappingFactory - Using org.maven.ide.eclipse.wtp.WarLifecycleMapping lifecycle mapping for MavenProject: com.app:DailyExpenses:0.0.1-SNAPSHOT @ /home/utsav/study/DailyExpenses-master/DailyExpenses/pom.xml.
2020-06-10 10:04:00,182 [Worker-44] INFO  o.e.m.j.i.AbstractJavaProjectConfigurator - Adding source folder /DailyExpenses/src/main/java
2020-06-10 10:04:00,183 [Worker-44] INFO  o.e.m.j.i.AbstractJavaProjectConfigurator - Adding source folder /DailyExpenses/src/test/java
2020-06-10 10:04:00,424 [Worker-44] INFO  o.e.m.w.i.f.ResourceFilteringBuildParticipant - Cleaning filtered folder for DailyExpenses
2020-06-10 10:04:00,427 [Worker-44] INFO  o.e.m.c.i.p.ProjectConfigurationManager - Update completed: 0 sec
2020-06-10 10:05:30,692 [Worker-36] INFO  o.e.m.c.i.p.ProjectConfigurationManager - Update started
2020-06-10 10:05:31,181 [Worker-36] INFO  o.e.m.c.i.l.LifecycleMappingFactory - Using org.maven.ide.eclipse.wtp.WarLifecycleMapping lifecycle mapping for MavenProject: com.app:DailyExpenses:0.0.1-SNAPSHOT @ /home/utsav/study/DailyExpenses-master/DailyExpenses/pom.xml.
2020-06-10 10:05:31,883 [Worker-36] INFO  o.e.m.j.i.AbstractJavaProjectConfigurator - Adding source folder /DailyExpenses/src/main/java
2020-06-10 10:05:31,883 [Worker-36] INFO  o.e.m.j.i.AbstractJavaProjectConfigurator - Adding source folder /DailyExpenses/src/test/java
2020-06-10 10:05:32,425 [Worker-36] INFO  o.e.m.w.i.f.ResourceFilteringBuildParticipant - Cleaning filtered folder for DailyExpenses
2020-06-10 10:05:32,428 [Worker-36] INFO  o.e.m.c.i.p.ProjectConfigurationManager - Update completed: 1 sec
2020-06-10 10:05:48,995 [Worker-27] INFO  o.e.m.i.launch.MavenLaunchDelegate - /home/utsav/study/DailyExpenses-master/DailyExpenses
2020-06-10 10:05:48,995 [Worker-27] INFO  o.e.m.i.launch.MavenLaunchDelegate -  mvn -B install
2020-06-10 10:06:01,216 [Worker-44] INFO  o.e.m.c.i.p.ProjectConfigurationManager - Update started
2020-06-10 10:06:01,472 [Worker-44] INFO  o.e.m.c.i.l.LifecycleMappingFactory - Using org.maven.ide.eclipse.wtp.WarLifecycleMapping lifecycle mapping for MavenProject: com.app:DailyExpenses:0.0.1-SNAPSHOT @ /home/utsav/study/DailyExpenses-master/DailyExpenses/pom.xml.
2020-06-10 10:06:01,932 [Worker-44] INFO  o.e.m.j.i.AbstractJavaProjectConfigurator - Adding source folder /DailyExpenses/src/main/java
2020-06-10 10:06:01,933 [Worker-44] INFO  o.e.m.j.i.AbstractJavaProjectConfigurator - Adding source folder /DailyExpenses/src/test/java
2020-06-10 10:06:02,205 [Worker-44] INFO  o.e.m.w.i.f.ResourceFilteringBuildParticipant - Cleaning filtered folder for DailyExpenses
2020-06-10 10:06:02,208 [Worker-44] INFO  o.e.m.c.i.p.ProjectConfigurationManager - Update completed: 0 sec
2020-06-10 10:06:27,109 [Worker-47] INFO  o.e.m.i.launch.MavenLaunchDelegate - /home/utsav/study/DailyExpenses-master/DailyExpenses
2020-06-10 10:06:27,110 [Worker-47] INFO  o.e.m.i.launch.MavenLaunchDelegate -  mvn -B clean
2020-06-10 10:06:34,090 [Worker-43] INFO  o.e.m.i.launch.MavenLaunchDelegate - /home/utsav/study/DailyExpenses-master/DailyExpenses
2020-06-10 10:06:34,090 [Worker-43] INFO  o.e.m.i.launch.MavenLaunchDelegate -  mvn -B install
2020-06-10 10:06:43,109 [Worker-27] INFO  o.e.m.c.i.p.ProjectConfigurationManager - Update started
2020-06-10 10:06:43,321 [Worker-27] INFO  o.e.m.c.i.l.LifecycleMappingFactory - Using org.maven.ide.eclipse.wtp.WarLifecycleMapping lifecycle mapping for MavenProject: com.app:DailyExpenses:0.0.1-SNAPSHOT @ /home/utsav/study/DailyExpenses-master/DailyExpenses/pom.xml.
2020-06-10 10:06:44,122 [Worker-27] INFO  o.e.m.j.i.AbstractJavaProjectConfigurator - Adding source folder /DailyExpenses/src/main/java
2020-06-10 10:06:44,122 [Worker-27] INFO  o.e.m.j.i.AbstractJavaProjectConfigurator - Adding source folder /DailyExpenses/src/test/java
2020-06-10 10:06:44,921 [Worker-27] INFO  o.e.m.w.i.f.ResourceFilteringBuildParticipant - Cleaning filtered folder for DailyExpenses
2020-06-10 10:06:44,960 [Worker-27] INFO  o.e.m.c.i.p.ProjectConfigurationManager - Update completed: 1 sec
2020-06-10 10:08:02,350 [Worker-48] WARN  o.e.r.models.ModelRepository - Failed to download org.eclipse.recommenders:index::zip:0.0.0
org.eclipse.aether.resolution.ArtifactResolutionException: Could not find artifact org.eclipse.recommenders:index:zip:0.0.0-SNAPSHOT in models (http://download.eclipse.org/recommenders/models/neon/)
	at org.eclipse.aether.internal.impl.DefaultArtifactResolver.resolve(DefaultArtifactResolver.java:444) ~[na:na]
	at org.eclipse.aether.internal.impl.DefaultArtifactResolver.resolveArtifacts(DefaultArtifactResolver.java:246) ~[na:na]
	at org.eclipse.aether.internal.impl.DefaultArtifactResolver.resolveArtifact(DefaultArtifactResolver.java:223) ~[na:na]
	at org.eclipse.aether.internal.impl.DefaultRepositorySystem.resolveArtifact(DefaultRepositorySystem.java:294) ~[na:na]
	at org.eclipse.recommenders.models.ModelRepository.resolveInternal(ModelRepository.java:193) [org.eclipse.recommenders.models_2.4.6.v20170307-1041.jar:na]
	at org.eclipse.recommenders.models.ModelRepository.resolve(ModelRepository.java:172) [org.eclipse.recommenders.models_2.4.6.v20170307-1041.jar:na]
	at org.eclipse.recommenders.internal.models.rcp.EclipseModelRepository.resolve(EclipseModelRepository.java:169) [org.eclipse.recommenders.models.rcp_2.4.6.v20170307-1041.jar:na]
	at org.eclipse.recommenders.internal.models.rcp.DownloadModelArchiveJob.run(DownloadModelArchiveJob.java:76) [org.eclipse.recommenders.models.rcp_2.4.6.v20170307-1041.jar:na]
	at org.eclipse.core.internal.jobs.Worker.run(Worker.java:55) [org.eclipse.core.jobs_3.8.0.v20160509-0411.jar:na]
Caused by: org.eclipse.aether.transfer.ArtifactNotFoundException: Could not find artifact org.eclipse.recommenders:index:zip:0.0.0-SNAPSHOT in models (http://download.eclipse.org/recommenders/models/neon/)
	at org.eclipse.aether.connector.basic.ArtifactTransportListener.transferFailed(ArtifactTransportListener.java:39) ~[org.eclipse.aether.connector.basic_1.0.1.v20141111.jar:na]
	at org.eclipse.aether.connector.basic.BasicRepositoryConnector$TaskRunner.run(BasicRepositoryConnector.java:355) ~[org.eclipse.aether.connector.basic_1.0.1.v20141111.jar:na]
	at org.eclipse.aether.util.concurrency.RunnableErrorForwarder$1.run(RunnableErrorForwarder.java:67) ~[na:na]
	at org.eclipse.aether.connector.basic.BasicRepositoryConnector$DirectExecutor.execute(BasicRepositoryConnector.java:581) ~[org.eclipse.aether.connector.basic_1.0.1.v20141111.jar:na]
	at org.eclipse.aether.connector.basic.BasicRepositoryConnector.get(BasicRepositoryConnector.java:249) ~[org.eclipse.aether.connector.basic_1.0.1.v20141111.jar:na]
	at org.eclipse.aether.internal.impl.DefaultArtifactResolver.performDownloads(DefaultArtifactResolver.java:520) ~[na:na]
	at org.eclipse.aether.internal.impl.DefaultArtifactResolver.resolve(DefaultArtifactResolver.java:421) ~[na:na]
	... 8 common frames omitted
2020-06-10 10:08:42,907 [Worker-43] INFO  o.e.m.c.i.p.ProjectConfigurationManager - Update started
2020-06-10 10:08:43,334 [Worker-43] INFO  o.e.m.c.i.l.LifecycleMappingFactory - Using org.maven.ide.eclipse.wtp.WarLifecycleMapping lifecycle mapping for MavenProject: com.app:DailyExpenses:0.0.1-SNAPSHOT @ /home/utsav/study/DailyExpenses-master/DailyExpenses/pom.xml.
2020-06-10 10:08:44,438 [Worker-43] INFO  o.e.m.j.i.AbstractJavaProjectConfigurator - Adding source folder /DailyExpenses/src/main/java
2020-06-10 10:08:44,439 [Worker-43] INFO  o.e.m.j.i.AbstractJavaProjectConfigurator - Adding source folder /DailyExpenses/src/test/java
2020-06-10 10:08:44,862 [Worker-43] INFO  o.e.m.w.i.f.ResourceFilteringBuildParticipant - Cleaning filtered folder for DailyExpenses
2020-06-10 10:08:44,864 [Worker-43] INFO  o.e.m.c.i.p.ProjectConfigurationManager - Update completed: 1 sec
2020-06-10 10:09:02,116 [Worker-36] INFO  o.e.m.i.launch.MavenLaunchDelegate - /home/utsav/study/DailyExpenses-master/DailyExpenses
2020-06-10 10:09:02,117 [Worker-36] INFO  o.e.m.i.launch.MavenLaunchDelegate -  mvn -B install
2020-06-10 10:09:47,553 [Worker-43] INFO  o.e.m.i.launch.MavenLaunchDelegate - /home/utsav/study/DailyExpenses-master/DailyExpenses
2020-06-10 10:09:47,553 [Worker-43] INFO  o.e.m.i.launch.MavenLaunchDelegate -  mvn -B install
2020-06-10 10:12:54,172 [Worker-45] INFO  o.e.m.c.i.p.ProjectConfigurationManager - Update started
2020-06-10 10:12:54,409 [Worker-45] INFO  o.e.m.c.i.l.LifecycleMappingFactory - Using org.maven.ide.eclipse.wtp.WarLifecycleMapping lifecycle mapping for MavenProject: com.app:DailyExpenses:0.0.1-SNAPSHOT @ /home/utsav/study/DailyExpenses-master/DailyExpenses/pom.xml.
2020-06-10 10:12:54,927 [Worker-45] INFO  o.e.m.j.i.AbstractJavaProjectConfigurator - Adding source folder /DailyExpenses/src/main/java
2020-06-10 10:12:54,927 [Worker-45] INFO  o.e.m.j.i.AbstractJavaProjectConfigurator - Adding source folder /DailyExpenses/src/test/java
2020-06-10 10:12:55,197 [Worker-45] INFO  o.e.m.w.i.f.ResourceFilteringBuildParticipant - Cleaning filtered folder for DailyExpenses
2020-06-10 10:12:55,200 [Worker-45] INFO  o.e.m.c.i.p.ProjectConfigurationManager - Update completed: 1 sec
2020-06-10 10:15:55,486 [Worker-47] INFO  o.e.m.i.launch.MavenLaunchDelegate - /home/utsav/study/DailyExpenses-master/DailyExpenses
2020-06-10 10:15:55,486 [Worker-47] INFO  o.e.m.i.launch.MavenLaunchDelegate -  mvn -B install
2020-06-10 10:16:09,872 [Worker-48] INFO  o.e.m.c.i.p.ProjectConfigurationManager - Update started
2020-06-10 10:16:10,380 [Worker-48] INFO  o.e.m.c.i.l.LifecycleMappingFactory - Using org.maven.ide.eclipse.wtp.WarLifecycleMapping lifecycle mapping for MavenProject: com.app:DailyExpenses:0.0.1-SNAPSHOT @ /home/utsav/study/DailyExpenses-master/DailyExpenses/pom.xml.
2020-06-10 10:16:11,652 [Worker-48] INFO  o.e.m.j.i.AbstractJavaProjectConfigurator - Adding source folder /DailyExpenses/src/main/java
2020-06-10 10:16:11,653 [Worker-48] INFO  o.e.m.j.i.AbstractJavaProjectConfigurator - Adding source folder /DailyExpenses/src/test/java
2020-06-10 10:16:12,333 [Worker-48] INFO  o.e.m.w.i.f.ResourceFilteringBuildParticipant - Cleaning filtered folder for DailyExpenses
2020-06-10 10:16:12,338 [Worker-48] INFO  o.e.m.c.i.p.ProjectConfigurationManager - Update completed: 2 sec
2020-06-10 10:19:39,302 [Worker-55] INFO  o.e.m.c.i.p.ProjectConfigurationManager - Update started
2020-06-10 10:19:39,518 [Worker-55] INFO  o.e.m.c.i.l.LifecycleMappingFactory - Using org.maven.ide.eclipse.wtp.WarLifecycleMapping lifecycle mapping for MavenProject: com.app:DailyExpenses:0.0.1-SNAPSHOT @ /home/utsav/study/DailyExpenses-master/DailyExpenses/pom.xml.
2020-06-10 10:19:39,970 [Worker-55] INFO  o.e.m.j.i.AbstractJavaProjectConfigurator - Adding source folder /DailyExpenses/src/main/java
2020-06-10 10:19:39,970 [Worker-55] INFO  o.e.m.j.i.AbstractJavaProjectConfigurator - Adding source folder /DailyExpenses/src/test/java
2020-06-10 10:19:40,636 [Worker-55] INFO  o.e.m.w.i.f.ResourceFilteringBuildParticipant - Cleaning filtered folder for DailyExpenses
2020-06-10 10:19:40,638 [Worker-55] INFO  o.e.m.c.i.p.ProjectConfigurationManager - Update completed: 1 sec
2020-06-10 10:20:00,245 [Worker-56] INFO  o.e.m.i.launch.MavenLaunchDelegate - /home/utsav/study/DailyExpenses-master/DailyExpenses
2020-06-10 10:20:00,245 [Worker-56] INFO  o.e.m.i.launch.MavenLaunchDelegate -  mvn -B install
2020-06-10 10:20:09,215 [Worker-44] INFO  o.e.m.c.i.p.ProjectConfigurationManager - Update started
2020-06-10 10:20:09,445 [Worker-44] INFO  o.e.m.c.i.l.LifecycleMappingFactory - Using org.maven.ide.eclipse.wtp.WarLifecycleMapping lifecycle mapping for MavenProject: com.app:DailyExpenses:0.0.1-SNAPSHOT @ /home/utsav/study/DailyExpenses-master/DailyExpenses/pom.xml.
2020-06-10 10:20:09,868 [Worker-44] INFO  o.e.m.j.i.AbstractJavaProjectConfigurator - Adding source folder /DailyExpenses/src/main/java
2020-06-10 10:20:09,868 [Worker-44] INFO  o.e.m.j.i.AbstractJavaProjectConfigurator - Adding source folder /DailyExpenses/src/test/java
2020-06-10 10:20:10,273 [Worker-44] INFO  o.e.m.w.i.f.ResourceFilteringBuildParticipant - Cleaning filtered folder for DailyExpenses
2020-06-10 10:20:10,275 [Worker-44] INFO  o.e.m.c.i.p.ProjectConfigurationManager - Update completed: 1 sec
2020-06-10 10:23:14,389 [Worker-51] INFO  o.e.m.c.i.p.ProjectConfigurationManager - Update started
2020-06-10 10:23:14,617 [Worker-51] INFO  o.e.m.c.i.l.LifecycleMappingFactory - Using org.maven.ide.eclipse.wtp.WarLifecycleMapping lifecycle mapping for MavenProject: com.app:DailyExpenses:0.0.1-SNAPSHOT @ /home/utsav/study/DailyExpenses-master/DailyExpenses/pom.xml.
2020-06-10 10:23:14,982 [Worker-51] INFO  o.e.m.j.i.AbstractJavaProjectConfigurator - Adding source folder /DailyExpenses/src/main/java
2020-06-10 10:23:14,983 [Worker-51] INFO  o.e.m.j.i.AbstractJavaProjectConfigurator - Adding source folder /DailyExpenses/src/test/java
2020-06-10 10:23:15,244 [Worker-51] INFO  o.e.m.w.i.f.ResourceFilteringBuildParticipant - Cleaning filtered folder for DailyExpenses
2020-06-10 10:23:15,246 [Worker-51] INFO  o.e.m.c.i.p.ProjectConfigurationManager - Update completed: 0 sec
2020-06-10 10:24:23,977 [Worker-56] INFO  o.e.m.c.i.p.ProjectConfigurationManager - Update started
2020-06-10 10:24:24,207 [Worker-56] INFO  o.e.m.c.i.l.LifecycleMappingFactory - Using org.maven.ide.eclipse.wtp.WarLifecycleMapping lifecycle mapping for MavenProject: com.app:DailyExpenses:0.0.1-SNAPSHOT @ /home/utsav/study/DailyExpenses-master/DailyExpenses/pom.xml.
2020-06-10 10:24:24,855 [Worker-56] INFO  o.e.m.j.i.AbstractJavaProjectConfigurator - Adding source folder /DailyExpenses/src/main/java
2020-06-10 10:24:24,856 [Worker-56] INFO  o.e.m.j.i.AbstractJavaProjectConfigurator - Adding source folder /DailyExpenses/src/test/java
2020-06-10 10:24:25,113 [Worker-56] INFO  o.e.m.w.i.f.ResourceFilteringBuildParticipant - Cleaning filtered folder for DailyExpenses
2020-06-10 10:24:25,115 [Worker-56] INFO  o.e.m.c.i.p.ProjectConfigurationManager - Update completed: 1 sec
2020-06-10 10:25:03,221 [Worker-51] INFO  o.e.m.c.i.p.ProjectConfigurationManager - Update started
2020-06-10 10:25:03,432 [Worker-51] INFO  o.e.m.c.i.l.LifecycleMappingFactory - Using org.maven.ide.eclipse.wtp.WarLifecycleMapping lifecycle mapping for MavenProject: com.app:DailyExpenses:0.0.1-SNAPSHOT @ /home/utsav/study/DailyExpenses-master/DailyExpenses/pom.xml.
2020-06-10 10:25:03,901 [Worker-51] INFO  o.e.m.j.i.AbstractJavaProjectConfigurator - Adding source folder /DailyExpenses/src/main/java
2020-06-10 10:25:03,902 [Worker-51] INFO  o.e.m.j.i.AbstractJavaProjectConfigurator - Adding source folder /DailyExpenses/src/test/java
2020-06-10 10:25:04,296 [Worker-51] INFO  o.e.m.w.i.f.ResourceFilteringBuildParticipant - Cleaning filtered folder for DailyExpenses
2020-06-10 10:25:04,298 [Worker-51] INFO  o.e.m.c.i.p.ProjectConfigurationManager - Update completed: 1 sec
2020-06-10 10:25:24,582 [Worker-57] INFO  o.e.m.i.launch.MavenLaunchDelegate - /home/utsav/study/DailyExpenses-master/DailyExpenses
2020-06-10 10:25:24,583 [Worker-57] INFO  o.e.m.i.launch.MavenLaunchDelegate -  mvn -B test
2020-06-10 10:25:32,219 [Worker-59] INFO  o.e.m.i.launch.MavenLaunchDelegate - /home/utsav/study/DailyExpenses-master/DailyExpenses
2020-06-10 10:25:32,220 [Worker-59] INFO  o.e.m.i.launch.MavenLaunchDelegate -  mvn -B install
2020-06-10 10:25:40,130 [Worker-58] INFO  o.e.m.c.i.p.ProjectConfigurationManager - Update started
2020-06-10 10:25:40,340 [Worker-58] INFO  o.e.m.c.i.l.LifecycleMappingFactory - Using org.maven.ide.eclipse.wtp.WarLifecycleMapping lifecycle mapping for MavenProject: com.app:DailyExpenses:0.0.1-SNAPSHOT @ /home/utsav/study/DailyExpenses-master/DailyExpenses/pom.xml.
2020-06-10 10:25:40,740 [Worker-58] INFO  o.e.m.j.i.AbstractJavaProjectConfigurator - Adding source folder /DailyExpenses/src/main/java
2020-06-10 10:25:40,740 [Worker-58] INFO  o.e.m.j.i.AbstractJavaProjectConfigurator - Adding source folder /DailyExpenses/src/test/java
2020-06-10 10:25:40,966 [Worker-58] INFO  o.e.m.w.i.f.ResourceFilteringBuildParticipant - Cleaning filtered folder for DailyExpenses
2020-06-10 10:25:40,971 [Worker-58] INFO  o.e.m.c.i.p.ProjectConfigurationManager - Update completed: 0 sec
2020-06-10 10:29:13,599 [Worker-59] INFO  o.e.m.c.i.p.ProjectConfigurationManager - Update started
2020-06-10 10:29:13,764 [Worker-59] INFO  o.e.m.c.i.l.LifecycleMappingFactory - Using org.maven.ide.eclipse.wtp.WarLifecycleMapping lifecycle mapping for MavenProject: com.app:DailyExpenses:0.0.1-SNAPSHOT @ /home/utsav/study/DailyExpenses-master/DailyExpenses/pom.xml.
2020-06-10 10:29:14,179 [Worker-59] INFO  o.e.m.j.i.AbstractJavaProjectConfigurator - Adding source folder /DailyExpenses/src/main/java
2020-06-10 10:29:14,179 [Worker-59] INFO  o.e.m.j.i.AbstractJavaProjectConfigurator - Adding source folder /DailyExpenses/src/test/java
2020-06-10 10:29:14,869 [Worker-59] INFO  o.e.m.w.i.f.ResourceFilteringBuildParticipant - Cleaning filtered folder for DailyExpenses
2020-06-10 10:29:14,870 [Worker-59] INFO  o.e.m.c.i.p.ProjectConfigurationManager - Update completed: 1 sec
2020-06-10 10:29:57,916 [Worker-56] INFO  o.e.m.c.i.p.ProjectConfigurationManager - Update started
2020-06-10 10:29:58,139 [Worker-56] INFO  o.e.m.c.i.l.LifecycleMappingFactory - Using org.maven.ide.eclipse.wtp.WarLifecycleMapping lifecycle mapping for MavenProject: com.app:DailyExpenses:0.0.1-SNAPSHOT @ /home/utsav/study/DailyExpenses-master/DailyExpenses/pom.xml.
2020-06-10 10:29:58,505 [Worker-56] INFO  o.e.m.j.i.AbstractJavaProjectConfigurator - Adding source folder /DailyExpenses/src/main/java
2020-06-10 10:29:58,505 [Worker-56] INFO  o.e.m.j.i.AbstractJavaProjectConfigurator - Adding source folder /DailyExpenses/src/test/java
2020-06-10 10:29:58,711 [Worker-56] INFO  o.e.m.w.i.f.ResourceFilteringBuildParticipant - Cleaning filtered folder for DailyExpenses
2020-06-10 10:29:58,713 [Worker-56] INFO  o.e.m.c.i.p.ProjectConfigurationManager - Update completed: 0 sec
2020-06-10 10:30:34,258 [Worker-57] INFO  o.e.m.i.launch.MavenLaunchDelegate - /home/utsav/study/DailyExpenses-master/DailyExpenses
2020-06-10 10:30:34,258 [Worker-57] INFO  o.e.m.i.launch.MavenLaunchDelegate -  mvn -B install
2020-06-10 10:30:47,338 [Worker-57] INFO  o.e.m.c.i.p.ProjectConfigurationManager - Update started
2020-06-10 10:30:47,498 [Worker-57] INFO  o.e.m.c.i.l.LifecycleMappingFactory - Using org.maven.ide.eclipse.wtp.WarLifecycleMapping lifecycle mapping for MavenProject: com.app:DailyExpenses:0.0.1-SNAPSHOT @ /home/utsav/study/DailyExpenses-master/DailyExpenses/pom.xml.
2020-06-10 10:30:47,835 [Worker-57] INFO  o.e.m.j.i.AbstractJavaProjectConfigurator - Adding source folder /DailyExpenses/src/main/java
2020-06-10 10:30:47,835 [Worker-57] INFO  o.e.m.j.i.AbstractJavaProjectConfigurator - Adding source folder /DailyExpenses/src/test/java
2020-06-10 10:30:48,089 [Worker-57] INFO  o.e.m.w.i.f.ResourceFilteringBuildParticipant - Cleaning filtered folder for DailyExpenses
2020-06-10 10:30:48,091 [Worker-57] INFO  o.e.m.c.i.p.ProjectConfigurationManager - Update completed: 0 sec
2020-06-10 11:13:42,240 [Worker-67] ERROR o.e.m.c.i.i.nexus.NexusIndexManager - Unable to remove com/app/DailyExpenses/0.0.1-SNAPSHOT/DailyExpenses-0.0.1-SNAPSHOT.pom
java.io.FileNotFoundException: /home/utsav/study/DailyExpenses-master/.metadata/.plugins/org.eclipse.m2e.core/nexus/830bc118332e77292949ed1e6d2fabe0/_6.fdt (No such file or directory)
	at java.io.RandomAccessFile.open0(Native Method) ~[na:1.8.0_242]
	at java.io.RandomAccessFile.open(RandomAccessFile.java:316) ~[na:1.8.0_242]
	at java.io.RandomAccessFile.<init>(RandomAccessFile.java:243) ~[na:1.8.0_242]
	at org.apache.lucene.store.FSDirectory$FSIndexOutput.<init>(FSDirectory.java:639) ~[lucene-core-2.4.1.jar:2.4.1 750176 - 2009-03-04 21:56:52]
	at org.apache.lucene.store.FSDirectory.createOutput(FSDirectory.java:442) ~[lucene-core-2.4.1.jar:2.4.1 750176 - 2009-03-04 21:56:52]
	at org.apache.lucene.index.FieldsWriter.<init>(FieldsWriter.java:62) ~[lucene-core-2.4.1.jar:2.4.1 750176 - 2009-03-04 21:56:52]
	at org.apache.lucene.index.StoredFieldsWriter.initFieldsWriter(StoredFieldsWriter.java:65) ~[lucene-core-2.4.1.jar:2.4.1 750176 - 2009-03-04 21:56:52]
	at org.apache.lucene.index.StoredFieldsWriter.finishDocument(StoredFieldsWriter.java:141) ~[lucene-core-2.4.1.jar:2.4.1 750176 - 2009-03-04 21:56:52]
	at org.apache.lucene.index.StoredFieldsWriter$PerDoc.finish(StoredFieldsWriter.java:187) ~[lucene-core-2.4.1.jar:2.4.1 750176 - 2009-03-04 21:56:52]
	at org.apache.lucene.index.DocumentsWriter$WaitQueue.writeDocument(DocumentsWriter.java:1408) ~[lucene-core-2.4.1.jar:2.4.1 750176 - 2009-03-04 21:56:52]
	at org.apache.lucene.index.DocumentsWriter$WaitQueue.add(DocumentsWriter.java:1427) ~[lucene-core-2.4.1.jar:2.4.1 750176 - 2009-03-04 21:56:52]
	at org.apache.lucene.index.DocumentsWriter.finishDocument(DocumentsWriter.java:1062) ~[lucene-core-2.4.1.jar:2.4.1 750176 - 2009-03-04 21:56:52]
	at org.apache.lucene.index.DocumentsWriter.updateDocument(DocumentsWriter.java:768) ~[lucene-core-2.4.1.jar:2.4.1 750176 - 2009-03-04 21:56:52]
	at org.apache.lucene.index.DocumentsWriter.addDocument(DocumentsWriter.java:743) ~[lucene-core-2.4.1.jar:2.4.1 750176 - 2009-03-04 21:56:52]
	at org.apache.lucene.index.IndexWriter.addDocument(IndexWriter.java:1917) ~[lucene-core-2.4.1.jar:2.4.1 750176 - 2009-03-04 21:56:52]
	at org.apache.lucene.index.IndexWriter.addDocument(IndexWriter.java:1895) ~[lucene-core-2.4.1.jar:2.4.1 750176 - 2009-03-04 21:56:52]
	at org.apache.maven.index.DefaultIndexerEngine.remove(DefaultIndexerEngine.java:177) ~[org.eclipse.m2e.maven.indexer_1.7.0.20160603-1931/:na]
	at org.apache.maven.index.DefaultNexusIndexer.deleteArtifactFromIndex(DefaultNexusIndexer.java:350) ~[org.eclipse.m2e.maven.indexer_1.7.0.20160603-1931/:na]
	at org.eclipse.m2e.core.internal.index.nexus.NexusIndexManager.removeDocument(NexusIndexManager.java:619) [org.eclipse.m2e.core_1.7.0.20160603-1933.jar:na]
	at org.eclipse.m2e.core.internal.index.nexus.NexusIndexManager.mavenProjectChanged(NexusIndexManager.java:761) [org.eclipse.m2e.core_1.7.0.20160603-1933.jar:na]
	at org.eclipse.m2e.core.internal.project.registry.ProjectRegistryManager.notifyProjectChangeListeners(ProjectRegistryManager.java:783) [org.eclipse.m2e.core_1.7.0.20160603-1933.jar:na]
	at org.eclipse.m2e.core.internal.project.registry.ProjectRegistryManager.applyMutableProjectRegistry(ProjectRegistryManager.java:930) [org.eclipse.m2e.core_1.7.0.20160603-1933.jar:na]
	at org.eclipse.m2e.core.internal.project.registry.ProjectRegistryRefreshJob$1.call(ProjectRegistryRefreshJob.java:98) [org.eclipse.m2e.core_1.7.0.20160603-1933.jar:na]
	at org.eclipse.m2e.core.internal.project.registry.ProjectRegistryRefreshJob$1.call(ProjectRegistryRefreshJob.java:1) [org.eclipse.m2e.core_1.7.0.20160603-1933.jar:na]
	at org.eclipse.m2e.core.internal.embedder.MavenExecutionContext.executeBare(MavenExecutionContext.java:176) [org.eclipse.m2e.core_1.7.0.20160603-1933.jar:na]
	at org.eclipse.m2e.core.internal.embedder.MavenExecutionContext.execute(MavenExecutionContext.java:151) [org.eclipse.m2e.core_1.7.0.20160603-1933.jar:na]
	at org.eclipse.m2e.core.internal.embedder.MavenExecutionContext.execute(MavenExecutionContext.java:99) [org.eclipse.m2e.core_1.7.0.20160603-1933.jar:na]
	at org.eclipse.m2e.core.internal.embedder.MavenImpl.execute(MavenImpl.java:1355) [org.eclipse.m2e.core_1.7.0.20160603-1933.jar:na]
	at org.eclipse.m2e.core.internal.project.registry.ProjectRegistryRefreshJob.run(ProjectRegistryRefreshJob.java:81) [org.eclipse.m2e.core_1.7.0.20160603-1933.jar:na]
	at org.eclipse.core.internal.jobs.Worker.run(Worker.java:55) [org.eclipse.core.jobs_3.8.0.v20160509-0411.jar:na]
2020-06-10 11:13:42,278 [Worker-67] ERROR o.e.m.jdt.internal.BuildPathManager - Can't save classpath container state for DailyExpenses
java.io.FileNotFoundException: /home/utsav/study/DailyExpenses-master/.metadata/.plugins/org.eclipse.m2e.jdt/DailyExpenses.container (No such file or directory)
	at java.io.FileOutputStream.open0(Native Method) ~[na:1.8.0_242]
	at java.io.FileOutputStream.open(FileOutputStream.java:270) ~[na:1.8.0_242]
	at java.io.FileOutputStream.<init>(FileOutputStream.java:213) ~[na:1.8.0_242]
	at java.io.FileOutputStream.<init>(FileOutputStream.java:162) ~[na:1.8.0_242]
	at org.eclipse.m2e.jdt.internal.BuildPathManager.saveContainerState(BuildPathManager.java:206) [org.eclipse.m2e.jdt_1.7.0.20160603-1933.jar:na]
	at org.eclipse.m2e.jdt.internal.BuildPathManager.updateClasspath(BuildPathManager.java:195) [org.eclipse.m2e.jdt_1.7.0.20160603-1933.jar:na]
	at org.eclipse.m2e.jdt.internal.BuildPathManager.mavenProjectChanged(BuildPathManager.java:180) [org.eclipse.m2e.jdt_1.7.0.20160603-1933.jar:na]
	at org.eclipse.m2e.core.internal.project.registry.ProjectRegistryManager.notifyProjectChangeListeners(ProjectRegistryManager.java:783) [org.eclipse.m2e.core_1.7.0.20160603-1933.jar:na]
	at org.eclipse.m2e.core.internal.project.registry.ProjectRegistryManager.applyMutableProjectRegistry(ProjectRegistryManager.java:930) [org.eclipse.m2e.core_1.7.0.20160603-1933.jar:na]
	at org.eclipse.m2e.core.internal.project.registry.ProjectRegistryRefreshJob$1.call(ProjectRegistryRefreshJob.java:98) [org.eclipse.m2e.core_1.7.0.20160603-1933.jar:na]
	at org.eclipse.m2e.core.internal.project.registry.ProjectRegistryRefreshJob$1.call(ProjectRegistryRefreshJob.java:1) [org.eclipse.m2e.core_1.7.0.20160603-1933.jar:na]
	at org.eclipse.m2e.core.internal.embedder.MavenExecutionContext.executeBare(MavenExecutionContext.java:176) [org.eclipse.m2e.core_1.7.0.20160603-1933.jar:na]
	at org.eclipse.m2e.core.internal.embedder.MavenExecutionContext.execute(MavenExecutionContext.java:151) [org.eclipse.m2e.core_1.7.0.20160603-1933.jar:na]
	at org.eclipse.m2e.core.internal.embedder.MavenExecutionContext.execute(MavenExecutionContext.java:99) [org.eclipse.m2e.core_1.7.0.20160603-1933.jar:na]
	at org.eclipse.m2e.core.internal.embedder.MavenImpl.execute(MavenImpl.java:1355) [org.eclipse.m2e.core_1.7.0.20160603-1933.jar:na]
	at org.eclipse.m2e.core.internal.project.registry.ProjectRegistryRefreshJob.run(ProjectRegistryRefreshJob.java:81) [org.eclipse.m2e.core_1.7.0.20160603-1933.jar:na]
	at org.eclipse.core.internal.jobs.Worker.run(Worker.java:55) [org.eclipse.core.jobs_3.8.0.v20160509-0411.jar:na]
2020-06-10 11:18:21,900 [Worker-7] INFO  o.e.m.c.i.p.ProjectConfigurationManager - Update started
2020-06-10 11:18:23,330 [Worker-7] INFO  o.e.m.c.i.l.LifecycleMappingFactory - Using org.maven.ide.eclipse.wtp.WarLifecycleMapping lifecycle mapping for MavenProject: com.app:DailyExpenses:0.0.1-SNAPSHOT @ /home/utsav/study/DailyExpenses-master/DailyExpenses/pom.xml.
2020-06-10 11:18:24,802 [Worker-7] INFO  o.e.m.j.i.AbstractJavaProjectConfigurator - Adding source folder /DailyExpenses/src/main/java
2020-06-10 11:18:24,802 [Worker-7] INFO  o.e.m.j.i.AbstractJavaProjectConfigurator - Adding source folder /DailyExpenses/src/test/java
2020-06-10 11:18:25,741 [Worker-7] INFO  o.e.m.w.i.f.ResourceFilteringBuildParticipant - Cleaning filtered folder for DailyExpenses
2020-06-10 11:18:25,750 [Worker-7] INFO  o.e.m.c.i.p.ProjectConfigurationManager - Update completed: 3 sec
2020-06-10 11:18:38,868 [Worker-2] INFO  o.e.m.c.i.p.ProjectConfigurationManager - Update started
2020-06-10 11:18:39,235 [Worker-2] INFO  o.e.m.c.i.l.LifecycleMappingFactory - Using org.maven.ide.eclipse.wtp.WarLifecycleMapping lifecycle mapping for MavenProject: com.app:DailyExpenses:0.0.1-SNAPSHOT @ /home/utsav/study/DailyExpenses-master/DailyExpenses/pom.xml.
2020-06-10 11:18:39,900 [Worker-2] INFO  o.e.m.j.i.AbstractJavaProjectConfigurator - Adding source folder /DailyExpenses/src/main/java
2020-06-10 11:18:39,901 [Worker-2] INFO  o.e.m.j.i.AbstractJavaProjectConfigurator - Adding source folder /DailyExpenses/src/test/java
2020-06-10 11:18:40,424 [Worker-2] INFO  o.e.m.w.i.f.ResourceFilteringBuildParticipant - Cleaning filtered folder for DailyExpenses
2020-06-10 11:18:40,434 [Worker-2] INFO  o.e.m.c.i.p.ProjectConfigurationManager - Update completed: 1 sec
2020-06-10 11:18:51,995 [Worker-3] INFO  o.e.m.i.launch.MavenLaunchDelegate - /home/utsav/study/DailyExpenses-master/DailyExpenses
2020-06-10 11:18:51,996 [Worker-3] INFO  o.e.m.i.launch.MavenLaunchDelegate -  mvn -B install
2020-06-10 11:19:04,438 [Worker-16] WARN  o.e.m.c.i.embedder.EclipseLogger - Using platform encoding (UTF-8 actually) to copy filtered resources, i.e. build is platform dependent!
2020-06-10 11:19:04,439 [Worker-16] INFO  o.e.m.c.i.embedder.EclipseLogger - skip non existing resourceDirectory /home/utsav/study/DailyExpenses-master/DailyExpenses/src/main/resources
2020-06-10 11:19:04,442 [Worker-16] WARN  o.e.m.c.i.embedder.EclipseLogger - Using platform encoding (UTF-8 actually) to copy filtered resources, i.e. build is platform dependent!
2020-06-10 11:19:04,442 [Worker-16] INFO  o.e.m.c.i.embedder.EclipseLogger - skip non existing resourceDirectory /home/utsav/study/DailyExpenses-master/DailyExpenses/src/test/resources
2020-06-10 11:19:04,443 [Worker-16] INFO  o.e.m.w.i.f.ResourceFilteringBuildParticipant - Changed resources require a complete clean of filtered resources of DailyExpenses
2020-06-10 11:19:04,444 [Worker-16] INFO  o.e.m.w.i.f.ResourceFilteringBuildParticipant - Executing resource filtering for DailyExpenses
2020-06-10 11:19:04,472 [Worker-16] WARN  o.e.m.c.i.embedder.EclipseLogger - Using platform encoding (UTF-8 actually) to copy filtered resources, i.e. build is platform dependent!
2020-06-10 11:19:20,248 [Worker-5] INFO  o.e.m.c.i.p.ProjectConfigurationManager - Update started
2020-06-10 11:19:20,534 [Worker-5] INFO  o.e.m.c.i.l.LifecycleMappingFactory - Using org.maven.ide.eclipse.wtp.WarLifecycleMapping lifecycle mapping for MavenProject: com.app:DailyExpenses:0.0.1-SNAPSHOT @ /home/utsav/study/DailyExpenses-master/DailyExpenses/pom.xml.
2020-06-10 11:19:20,956 [Worker-5] INFO  o.e.m.j.i.AbstractJavaProjectConfigurator - Adding source folder /DailyExpenses/src/main/java
2020-06-10 11:19:20,957 [Worker-5] INFO  o.e.m.j.i.AbstractJavaProjectConfigurator - Adding source folder /DailyExpenses/src/test/java
2020-06-10 11:19:21,276 [Worker-5] INFO  o.e.m.w.i.f.ResourceFilteringBuildParticipant - Cleaning filtered folder for DailyExpenses
2020-06-10 11:19:21,279 [Worker-5] INFO  o.e.m.c.i.p.ProjectConfigurationManager - Update completed: 1 sec
2020-06-10 11:19:52,998 [Worker-5] INFO  o.e.m.c.i.p.ProjectConfigurationManager - Update started
2020-06-10 11:19:53,251 [Worker-5] INFO  o.e.m.c.i.l.LifecycleMappingFactory - Using org.maven.ide.eclipse.wtp.WarLifecycleMapping lifecycle mapping for MavenProject: com.app:DailyExpenses:0.0.1-SNAPSHOT @ /home/utsav/study/DailyExpenses-master/DailyExpenses/pom.xml.
2020-06-10 11:19:53,775 [Worker-5] INFO  o.e.m.j.i.AbstractJavaProjectConfigurator - Adding source folder /DailyExpenses/src/main/java
2020-06-10 11:19:53,775 [Worker-5] INFO  o.e.m.j.i.AbstractJavaProjectConfigurator - Adding source folder /DailyExpenses/src/test/java
2020-06-10 11:19:54,259 [Worker-5] INFO  o.e.m.w.i.f.ResourceFilteringBuildParticipant - Cleaning filtered folder for DailyExpenses
2020-06-10 11:19:54,274 [Worker-5] INFO  o.e.m.c.i.p.ProjectConfigurationManager - Update completed: 1 sec
2020-06-10 11:20:15,561 [Worker-15] INFO  o.e.m.i.launch.MavenLaunchDelegate - /home/utsav/study/DailyExpenses-master/DailyExpenses
2020-06-10 11:20:15,562 [Worker-15] INFO  o.e.m.i.launch.MavenLaunchDelegate -  mvn -B install
2020-06-10 11:20:30,010 [Worker-17] INFO  o.e.m.c.i.p.ProjectConfigurationManager - Update started
2020-06-10 11:20:30,266 [Worker-17] INFO  o.e.m.c.i.l.LifecycleMappingFactory - Using org.maven.ide.eclipse.wtp.WarLifecycleMapping lifecycle mapping for MavenProject: com.app:DailyExpenses:0.0.1-SNAPSHOT @ /home/utsav/study/DailyExpenses-master/DailyExpenses/pom.xml.
2020-06-10 11:20:30,943 [Worker-17] INFO  o.e.m.j.i.AbstractJavaProjectConfigurator - Adding source folder /DailyExpenses/src/main/java
2020-06-10 11:20:30,943 [Worker-17] INFO  o.e.m.j.i.AbstractJavaProjectConfigurator - Adding source folder /DailyExpenses/src/test/java
2020-06-10 11:20:31,319 [Worker-17] INFO  o.e.m.w.i.f.ResourceFilteringBuildParticipant - Cleaning filtered folder for DailyExpenses
2020-06-10 11:20:31,322 [Worker-17] INFO  o.e.m.c.i.p.ProjectConfigurationManager - Update completed: 1 sec
2020-06-10 11:21:02,699 [Worker-4] INFO  o.e.m.i.launch.MavenLaunchDelegate - /home/utsav/study/DailyExpenses-master/DailyExpenses
2020-06-10 11:21:02,699 [Worker-4] INFO  o.e.m.i.launch.MavenLaunchDelegate -  mvn -B clean
2020-06-10 11:21:11,425 [Worker-3] INFO  o.e.m.c.i.p.ProjectConfigurationManager - Update started
2020-06-10 11:21:11,681 [Worker-3] INFO  o.e.m.c.i.l.LifecycleMappingFactory - Using org.maven.ide.eclipse.wtp.WarLifecycleMapping lifecycle mapping for MavenProject: com.app:DailyExpenses:0.0.1-SNAPSHOT @ /home/utsav/study/DailyExpenses-master/DailyExpenses/pom.xml.
2020-06-10 11:21:12,273 [Worker-3] INFO  o.e.m.j.i.AbstractJavaProjectConfigurator - Adding source folder /DailyExpenses/src/main/java
2020-06-10 11:21:12,273 [Worker-3] INFO  o.e.m.j.i.AbstractJavaProjectConfigurator - Adding source folder /DailyExpenses/src/test/java
2020-06-10 11:21:12,532 [Worker-3] INFO  o.e.m.w.i.f.ResourceFilteringBuildParticipant - Cleaning filtered folder for DailyExpenses
2020-06-10 11:21:12,533 [Worker-3] INFO  o.e.m.c.i.p.ProjectConfigurationManager - Update completed: 1 sec
2020-06-10 11:21:42,723 [Worker-2] WARN  o.e.m.c.i.embedder.EclipseLogger - Using platform encoding (UTF-8 actually) to copy filtered resources, i.e. build is platform dependent!
2020-06-10 11:21:42,728 [Worker-2] INFO  o.e.m.c.i.embedder.EclipseLogger - skip non existing resourceDirectory /home/utsav/study/DailyExpenses-master/DailyExpenses/src/main/resources
2020-06-10 11:21:42,732 [Worker-2] WARN  o.e.m.c.i.embedder.EclipseLogger - Using platform encoding (UTF-8 actually) to copy filtered resources, i.e. build is platform dependent!
2020-06-10 11:21:42,733 [Worker-2] INFO  o.e.m.c.i.embedder.EclipseLogger - skip non existing resourceDirectory /home/utsav/study/DailyExpenses-master/DailyExpenses/src/test/resources
2020-06-10 11:21:42,733 [Worker-2] INFO  o.e.m.w.i.f.ResourceFilteringBuildParticipant - Changed resources require a complete clean of filtered resources of DailyExpenses
2020-06-10 11:21:42,733 [Worker-2] INFO  o.e.m.w.i.f.ResourceFilteringBuildParticipant - Executing resource filtering for DailyExpenses
2020-06-10 11:21:42,737 [Worker-2] WARN  o.e.m.c.i.embedder.EclipseLogger - Using platform encoding (UTF-8 actually) to copy filtered resources, i.e. build is platform dependent!
2020-06-10 11:21:56,524 [Worker-16] INFO  o.e.m.c.i.p.ProjectConfigurationManager - Update started
2020-06-10 11:21:56,759 [Worker-16] INFO  o.e.m.c.i.l.LifecycleMappingFactory - Using org.maven.ide.eclipse.wtp.WarLifecycleMapping lifecycle mapping for MavenProject: com.app:DailyExpenses:0.0.1-SNAPSHOT @ /home/utsav/study/DailyExpenses-master/DailyExpenses/pom.xml.
2020-06-10 11:21:57,232 [Worker-16] INFO  o.e.m.j.i.AbstractJavaProjectConfigurator - Adding source folder /DailyExpenses/src/main/java
2020-06-10 11:21:57,232 [Worker-16] INFO  o.e.m.j.i.AbstractJavaProjectConfigurator - Adding source folder /DailyExpenses/src/test/java
2020-06-10 11:21:57,679 [Worker-16] INFO  o.e.m.w.i.f.ResourceFilteringBuildParticipant - Cleaning filtered folder for DailyExpenses
2020-06-10 11:21:57,682 [Worker-16] INFO  o.e.m.c.i.p.ProjectConfigurationManager - Update completed: 1 sec
2020-06-10 11:22:33,774 [Worker-12] INFO  o.e.m.i.launch.MavenLaunchDelegate - /home/utsav/study/DailyExpenses-master/DailyExpenses
2020-06-10 11:22:33,774 [Worker-12] INFO  o.e.m.i.launch.MavenLaunchDelegate -  mvn -B install
2020-06-10 11:22:58,423 [Worker-17] INFO  o.e.m.i.launch.MavenLaunchDelegate - /home/utsav/study/DailyExpenses-master/DailyExpenses
2020-06-10 11:22:58,423 [Worker-17] INFO  o.e.m.i.launch.MavenLaunchDelegate -  mvn -B install
2020-06-10 11:23:09,403 [Worker-3] INFO  o.e.m.c.i.p.ProjectConfigurationManager - Update started
2020-06-10 11:23:09,655 [Worker-3] INFO  o.e.m.c.i.l.LifecycleMappingFactory - Using org.maven.ide.eclipse.wtp.WarLifecycleMapping lifecycle mapping for MavenProject: com.app:DailyExpenses:0.0.1-SNAPSHOT @ /home/utsav/study/DailyExpenses-master/DailyExpenses/pom.xml.
2020-06-10 11:23:11,370 [Worker-3] INFO  o.e.m.j.i.AbstractJavaProjectConfigurator - Adding source folder /DailyExpenses/src/main/java
2020-06-10 11:23:11,370 [Worker-3] INFO  o.e.m.j.i.AbstractJavaProjectConfigurator - Adding source folder /DailyExpenses/src/test/java
2020-06-10 11:23:11,684 [Worker-3] INFO  o.e.m.w.i.f.ResourceFilteringBuildParticipant - Cleaning filtered folder for DailyExpenses
2020-06-10 11:23:11,686 [Worker-3] INFO  o.e.m.c.i.p.ProjectConfigurationManager - Update completed: 2 sec
